<?xml version="1.0" encoding="UTF-8"?>
<!-- Generated by org.testng.reporters.JUnitReportReporter -->
<testsuite hostname="DESKTOP-S0MJP0C" failures="0" tests="1" name="AppiumAutomation.Practise.AppiumBasics" time="20.860" errors="0" timestamp="2023-08-01T13:36:12 IST" skipped="0">
  <testcase classname="AppiumAutomation.Practise.AppiumBasics" name="AppiumTest" time="20.860"/>
</testsuite> <!-- AppiumAutomation.Practise.AppiumBasics -->
